Arguments: 
  /usr/local/Cellar/node/7.10.0/bin/node /usr/local/bin/yarn start

PATH: 
  /Library/Frameworks/Python.framework/Versions/3.4/bin:/usr/local/bin:/usr/bin:/bin:/usr/sbin:/sbin

Yarn version: 
  1.1.0

Node version: 
  7.10.0

Platform: 
  darwin x64

npm manifest: 
  {
    "name": "nyt-react",
    "version": "1.0.0",
    "description": "",
    "main": "index.js",
    "scripts": {
      "test": "echo \"Error: no test specified\" && exit 1"
    },
    "repository": {
      "type": "git",
      "url": "git+https://github.com/cvbowes/nyt-react.git"
    },
    "keywords": [],
    "author": "",
    "license": "ISC",
    "bugs": {
      "url": "https://github.com/cvbowes/nyt-react/issues"
    },
    "homepage": "https://github.com/cvbowes/nyt-react#readme",
    "dependencies": {
      "axios": "^0.16.2",
      "body-parser": "^1.18.2",
      "express": "^4.16.1",
      "mongoose": "^4.12.1",
      "path": "^0.12.7",
    }
  }

yarn manifest: 
  No manifest

Lockfile: 
  No lockfile

Trace: 
  SyntaxError: /Users/carolinebowes/Desktop/Homework/hw14/nyt-react/package.json: Unexpected token } in JSON at position 609
      at JSON.parse (<anonymous>)
      at /usr/local/lib/node_modules/yarn/lib/cli.js:764:59
      at Generator.next (<anonymous>)
      at step (/usr/local/lib/node_modules/yarn/lib/cli.js:92:30)
      at /usr/local/lib/node_modules/yarn/lib/cli.js:103:13
